0 verbose cli /usr/local/bin/node /usr/local/bin/npm
1 info using npm@11.12.0
2 info using node@v20.20.1
3 silly config load:file:/usr/local/lib/node_modules/npm/npmrc
4 silly config load:file:/home/container/.npmrc
5 silly config load:file:/usr/local/etc/npmrc
6 verbose title npm install
7 verbose argv "install"
8 verbose logfile logs-max:10 dir:/home/container/.npm/_logs/2026-03-27T23_12_07_123Z-
9 verbose logfile /home/container/.npm/_logs/2026-03-27T23_12_07_123Z-debug-0.log
10 silly logfile start cleaning logs, removing 1 files
11 silly packumentCache heap:848035840 maxSize:212008960 maxEntrySize:106004480
12 silly logfile done cleaning log files
13 silly idealTree buildDeps
14 http fetch GET 200 https://registry.npmjs.org/npm 152ms
15 silly reify moves {}
16 silly audit bulk request {
16 silly audit   accepts: [ '1.3.8' ],
16 silly audit   'array-flatten': [ '1.1.1' ],
16 silly audit   'baseline-browser-mapping': [ '2.9.19' ],
16 silly audit   'body-parser': [ '1.20.4' ],
16 silly audit   bytes: [ '3.1.2' ],
16 silly audit   'call-bind-apply-helpers': [ '1.0.2' ],
16 silly audit   'call-bound': [ '1.0.4' ],
16 silly audit   'content-disposition': [ '0.5.4' ],
16 silly audit   'content-type': [ '1.0.5' ],
16 silly audit   cookie: [ '0.7.2' ],
16 silly audit   'cookie-signature': [ '1.0.7' ],
16 silly audit   debug: [ '2.6.9' ],
16 silly audit   depd: [ '2.0.0' ],
16 silly audit   destroy: [ '1.2.0' ],
16 silly audit   dotenv: [ '16.6.1' ],
16 silly audit   'dunder-proto': [ '1.0.1' ],
16 silly audit   'ee-first': [ '1.1.1' ],
16 silly audit   encodeurl: [ '2.0.0' ],
16 silly audit   'es-define-property': [ '1.0.1' ],
16 silly audit   'es-errors': [ '1.3.0' ],
16 silly audit   'es-object-atoms': [ '1.1.1' ],
16 silly audit   'escape-html': [ '1.0.3' ],
16 silly audit   etag: [ '1.8.1' ],
16 silly audit   express: [ '4.22.1' ],
16 silly audit   finalhandler: [ '1.3.2' ],
16 silly audit   forwarded: [ '0.2.0' ],
16 silly audit   fresh: [ '0.5.2' ],
16 silly audit   'function-bind': [ '1.1.2' ],
16 silly audit   'get-intrinsic': [ '1.3.0' ],
16 silly audit   'get-proto': [ '1.0.1' ],
16 silly audit   gopd: [ '1.2.0' ],
16 silly audit   'has-symbols': [ '1.1.0' ],
16 silly audit   hasown: [ '2.0.2' ],
16 silly audit   'http-errors': [ '2.0.1' ],
16 silly audit   'iconv-lite': [ '0.4.24' ],
16 silly audit   inherits: [ '2.0.4' ],
16 silly audit   'ipaddr.js': [ '1.9.1' ],
16 silly audit   'math-intrinsics': [ '1.1.0' ],
16 silly audit   'media-typer': [ '0.3.0' ],
16 silly audit   'merge-descriptors': [ '1.0.3' ],
16 silly audit   methods: [ '1.1.2' ],
16 silly audit   mime: [ '1.6.0' ],
16 silly audit   'mime-db': [ '1.52.0' ],
16 silly audit   'mime-types': [ '2.1.35' ],
16 silly audit   ms: [ '2.0.0', '2.1.3' ],
16 silly audit   negotiator: [ '0.6.3' ],
16 silly audit   'node-fetch': [ '2.7.0' ],
16 silly audit   'object-inspect': [ '1.13.4' ],
16 silly audit   'on-finished': [ '2.4.1' ],
16 silly audit   parseurl: [ '1.3.3' ],
16 silly audit   'path-to-regexp': [ '0.1.12' ],
16 silly audit   'proxy-addr': [ '2.0.7' ],
16 silly audit   qs: [ '6.14.1' ],
16 silly audit   'range-parser': [ '1.2.1' ],
16 silly audit   'raw-body': [ '2.5.3' ],
16 silly audit   'safe-buffer': [ '5.2.1' ],
16 silly audit   'safer-buffer': [ '2.1.2' ],
16 silly audit   send: [ '0.19.2' ],
16 silly audit   'serve-static': [ '1.16.3' ],
16 silly audit   setprototypeof: [ '1.2.0' ],
16 silly audit   'side-channel': [ '1.1.0' ],
16 silly audit   'side-channel-list': [ '1.0.0' ],
16 silly audit   'side-channel-map': [ '1.0.1' ],
16 silly audit   'side-channel-weakmap': [ '1.0.2' ],
16 silly audit   statuses: [ '2.0.2' ],
16 silly audit   toidentifier: [ '1.0.1' ],
16 silly audit   tr46: [ '0.0.3' ],
16 silly audit   'type-is': [ '1.6.18' ],
16 silly audit   unpipe: [ '1.0.0' ],
16 silly audit   'utils-merge': [ '1.0.1' ],
16 silly audit   vary: [ '1.1.2' ],
16 silly audit   'webidl-conversions': [ '3.0.1' ],
16 silly audit   'whatwg-url': [ '5.0.0' ]
16 silly audit }
17 http fetch POST 200 https://registry.npmjs.org/-/npm/v1/security/advisories/bulk 255ms
18 silly audit report {
18 silly audit report   'path-to-regexp': [
18 silly audit report     {
18 silly audit report       id: 1115527,
18 silly audit report       url: 'https://github.com/advisories/GHSA-37ch-88jc-xwx2',
18 silly audit report       title: 'path-to-regexp vulnerable to Regular Expression Denial of Service via multiple route parameters',
18 silly audit report       severity: 'high',
18 silly audit report       vulnerable_versions: '<0.1.13',
18 silly audit report       cwe: [Array],
18 silly audit report       cvss: [Object]
18 silly audit report     }
18 silly audit report   ],
18 silly audit report   qs: [
18 silly audit report     {
18 silly audit report       id: 1113161,
18 silly audit report       url: 'https://github.com/advisories/GHSA-w7fw-mjwx-w883',
18 silly audit report       title: "qs's arrayLimit bypass in comma parsing allows denial of service",
18 silly audit report       severity: 'low',
18 silly audit report       vulnerable_versions: '>=6.7.0 <=6.14.1',
18 silly audit report       cwe: [Array],
18 silly audit report       cvss: [Object]
18 silly audit report     }
18 silly audit report   ]
18 silly audit report }
19 silly packumentCache corgi:https://registry.npmjs.org/path-to-regexp cache-miss
20 silly packumentCache corgi:https://registry.npmjs.org/qs cache-miss
21 http fetch GET 200 https://registry.npmjs.org/path-to-regexp 38ms (cache miss)
22 silly packumentCache corgi:https://registry.npmjs.org/path-to-regexp set size:undefined disposed:false
23 http fetch GET 200 https://registry.npmjs.org/qs 54ms (cache revalidated)
24 silly packumentCache corgi:https://registry.npmjs.org/qs set size:143799 disposed:false
25 silly packumentCache corgi:https://registry.npmjs.org/express cache-miss
26 http fetch GET 200 https://registry.npmjs.org/express 30ms (cache revalidated)
27 silly packumentCache corgi:https://registry.npmjs.org/express set size:337735 disposed:false
28 silly packumentCache corgi:https://registry.npmjs.org/body-parser cache-miss
29 http fetch GET 200 https://registry.npmjs.org/body-parser 277ms (cache revalidated)
30 silly packumentCache corgi:https://registry.npmjs.org/body-parser set size:77795 disposed:false
31 verbose cwd /home/container
32 verbose os Linux 6.8.0-101-generic
33 verbose node v20.20.1
34 verbose npm  v11.12.0
35 notice
35 notice New [36mpatch[39m version of npm available! [36m11.12.0[39m -> [34m11.12.1[39m
35 notice Changelog: [34mhttps://github.com/npm/cli/releases/tag/v11.12.1[39m
35 notice To update run: [4mnpm install -g npm@11.12.1[24m
35 notice  { force: true, [Symbol(proc-log.meta)]: true }
36 verbose exit 0
37 info ok
