0 verbose cli /usr/local/bin/node /usr/local/bin/npm
1 info using npm@11.12.0
2 info using node@v20.20.1
3 silly config load:file:/usr/local/lib/node_modules/npm/npmrc
4 silly config load:file:/home/container/client/.npmrc
5 silly config load:file:/home/container/.npmrc
6 silly config load:file:/usr/local/etc/npmrc
7 verbose title npm install
8 verbose argv "install"
9 verbose logfile logs-max:10 dir:/home/container/.npm/_logs/2026-03-27T23_12_08_531Z-
10 verbose logfile /home/container/.npm/_logs/2026-03-27T23_12_08_531Z-debug-0.log
11 silly logfile start cleaning logs, removing 1 files
12 silly logfile done cleaning log files
13 silly packumentCache heap:848035840 maxSize:212008960 maxEntrySize:106004480
14 silly idealTree buildDeps
15 silly reify moves {}
16 silly audit bulk request {
16 silly audit   '@alloc/quick-lru': [ '5.2.0' ],
16 silly audit   '@babel/code-frame': [ '7.27.1' ],
16 silly audit   '@babel/compat-data': [ '7.28.5' ],
16 silly audit   '@babel/core': [ '7.28.5' ],
16 silly audit   '@babel/generator': [ '7.28.5' ],
16 silly audit   '@babel/helper-compilation-targets': [ '7.27.2' ],
16 silly audit   '@babel/helper-globals': [ '7.28.0' ],
16 silly audit   '@babel/helper-module-imports': [ '7.27.1' ],
16 silly audit   '@babel/helper-module-transforms': [ '7.28.3' ],
16 silly audit   '@babel/helper-plugin-utils': [ '7.27.1' ],
16 silly audit   '@babel/helper-string-parser': [ '7.27.1' ],
16 silly audit   '@babel/helper-validator-identifier': [ '7.28.5' ],
16 silly audit   '@babel/helper-validator-option': [ '7.27.1' ],
16 silly audit   '@babel/helpers': [ '7.28.4' ],
16 silly audit   '@babel/parser': [ '7.28.5' ],
16 silly audit   '@babel/plugin-transform-react-jsx-self': [ '7.27.1' ],
16 silly audit   '@babel/plugin-transform-react-jsx-source': [ '7.27.1' ],
16 silly audit   '@babel/template': [ '7.27.2' ],
16 silly audit   '@babel/traverse': [ '7.28.5' ],
16 silly audit   '@babel/types': [ '7.28.5' ],
16 silly audit   '@esbuild/aix-ppc64': [ '0.25.12' ],
16 silly audit   '@esbuild/android-arm': [ '0.25.12' ],
16 silly audit   '@esbuild/android-arm64': [ '0.25.12' ],
16 silly audit   '@esbuild/android-x64': [ '0.25.12' ],
16 silly audit   '@esbuild/darwin-arm64': [ '0.25.12' ],
16 silly audit   '@esbuild/darwin-x64': [ '0.25.12' ],
16 silly audit   '@esbuild/freebsd-arm64': [ '0.25.12' ],
16 silly audit   '@esbuild/freebsd-x64': [ '0.25.12' ],
16 silly audit   '@esbuild/linux-arm': [ '0.25.12' ],
16 silly audit   '@esbuild/linux-arm64': [ '0.25.12' ],
16 silly audit   '@esbuild/linux-ia32': [ '0.25.12' ],
16 silly audit   '@esbuild/linux-loong64': [ '0.25.12' ],
16 silly audit   '@esbuild/linux-mips64el': [ '0.25.12' ],
16 silly audit   '@esbuild/linux-ppc64': [ '0.25.12' ],
16 silly audit   '@esbuild/linux-riscv64': [ '0.25.12' ],
16 silly audit   '@esbuild/linux-s390x': [ '0.25.12' ],
16 silly audit   '@esbuild/linux-x64': [ '0.25.12' ],
16 silly audit   '@esbuild/netbsd-arm64': [ '0.25.12' ],
16 silly audit   '@esbuild/netbsd-x64': [ '0.25.12' ],
16 silly audit   '@esbuild/openbsd-arm64': [ '0.25.12' ],
16 silly audit   '@esbuild/openbsd-x64': [ '0.25.12' ],
16 silly audit   '@esbuild/openharmony-arm64': [ '0.25.12' ],
16 silly audit   '@esbuild/sunos-x64': [ '0.25.12' ],
16 silly audit   '@esbuild/win32-arm64': [ '0.25.12' ],
16 silly audit   '@esbuild/win32-ia32': [ '0.25.12' ],
16 silly audit   '@esbuild/win32-x64': [ '0.25.12' ],
16 silly audit   '@eslint-community/eslint-utils': [ '4.9.0' ],
16 silly audit   'eslint-visitor-keys': [ '3.4.3', '4.2.1' ],
16 silly audit   '@eslint-community/regexpp': [ '4.12.2' ],
16 silly audit   '@eslint/config-array': [ '0.21.1' ],
16 silly audit   '@eslint/config-helpers': [ '0.4.2' ],
16 silly audit   '@eslint/core': [ '0.17.0' ],
16 silly audit   '@eslint/eslintrc': [ '3.3.3' ],
16 silly audit   globals: [ '14.0.0', '16.5.0' ],
16 silly audit   '@eslint/js': [ '9.39.1' ],
16 silly audit   '@eslint/object-schema': [ '2.1.7' ],
16 silly audit   '@eslint/plugin-kit': [ '0.4.1' ],
16 silly audit   '@humanfs/core': [ '0.19.1' ],
16 silly audit   '@humanfs/node': [ '0.16.7' ],
16 silly audit   '@humanwhocodes/module-importer': [ '1.0.1' ],
16 silly audit   '@humanwhocodes/retry': [ '0.4.3' ],
16 silly audit   '@jridgewell/gen-mapping': [ '0.3.13' ],
16 silly audit   '@jridgewell/remapping': [ '2.3.5' ],
16 silly audit   '@jridgewell/resolve-uri': [ '3.1.2' ],
16 silly audit   '@jridgewell/sourcemap-codec': [ '1.5.5' ],
16 silly audit   '@jridgewell/trace-mapping': [ '0.3.31' ],
16 silly audit   '@nodelib/fs.scandir': [ '2.1.5' ],
16 silly audit   '@nodelib/fs.stat': [ '2.0.5' ],
16 silly audit   '@nodelib/fs.walk': [ '1.2.8' ],
16 silly audit   '@rolldown/pluginutils': [ '1.0.0-beta.47' ],
16 silly audit   '@rollup/rollup-android-arm-eabi': [ '4.53.3' ],
16 silly audit   '@rollup/rollup-android-arm64': [ '4.53.3' ],
16 silly audit   '@rollup/rollup-darwin-arm64': [ '4.53.3' ],
16 silly audit   '@rollup/rollup-darwin-x64': [ '4.53.3' ],
16 silly audit   '@rollup/rollup-freebsd-arm64': [ '4.53.3' ],
16 silly audit   '@rollup/rollup-freebsd-x64': [ '4.53.3' ],
16 silly audit   '@rollup/rollup-linux-arm-gnueabihf': [ '4.53.3' ],
16 silly audit   '@rollup/rollup-linux-arm-musleabihf': [ '4.53.3' ],
16 silly audit   '@rollup/rollup-linux-arm64-gnu': [ '4.53.3' ],
16 silly audit   '@rollup/rollup-linux-arm64-musl': [ '4.53.3' ],
16 silly audit   '@rollup/rollup-linux-loong64-gnu': [ '4.53.3' ],
16 silly audit   '@rollup/rollup-linux-ppc64-gnu': [ '4.53.3' ],
16 silly audit   '@rollup/rollup-linux-riscv64-gnu': [ '4.53.3' ],
16 silly audit   '@rollup/rollup-linux-riscv64-musl': [ '4.53.3' ],
16 silly audit   '@rollup/rollup-linux-s390x-gnu': [ '4.53.3' ],
16 silly audit   '@rollup/rollup-linux-x64-gnu': [ '4.53.3' ],
16 silly audit   '@rollup/rollup-linux-x64-musl': [ '4.53.3' ],
16 silly audit   '@rollup/rollup-openharmony-arm64': [ '4.53.3' ],
16 silly audit   '@rollup/rollup-win32-arm64-msvc': [ '4.53.3' ],
16 silly audit   '@rollup/rollup-win32-ia32-msvc': [ '4.53.3' ],
16 silly audit   '@rollup/rollup-win32-x64-gnu': [ '4.53.3' ],
16 silly audit   '@rollup/rollup-win32-x64-msvc': [ '4.53.3' ],
16 silly audit   '@types/babel__core': [ '7.20.5' ],
16 silly audit   '@types/babel__generator': [ '7.27.0' ],
16 silly audit   '@types/babel__template': [ '7.4.4' ],
16 silly audit   '@types/babel__traverse': [ '7.28.0' ],
16 silly audit   '@types/estree': [ '1.0.8' ],
16 silly audit   '@types/json-schema': [ '7.0.15' ],
16 silly audit   '@types/react': [ '19.2.7' ],
16 silly audit   '@types/react-dom': [ '19.2.3' ],
16 silly audit   '@vitejs/plugin-react': [ '5.1.1' ],
16 silly audit   acorn: [ '8.15.0' ],
16 silly audit   'acorn-jsx': [ '5.3.2' ],
16 silly audit   ajv: [ '6.12.6' ],
16 silly audit   'ansi-styles': [ '4.3.0' ],
16 silly audit   'any-promise': [ '1.3.0' ],
16 silly audit   anymatch: [ '3.1.3' ],
16 silly audit   picomatch: [ '2.3.1', '4.0.3' ],
16 silly audit   arg: [ '5.0.2' ],
16 silly audit   argparse: [ '2.0.1' ],
16 silly audit   autoprefixer: [ '10.4.22' ],
16 silly audit   'balanced-match': [ '1.0.2' ],
16 silly audit   'baseline-browser-mapping': [ '2.8.32' ],
16 silly audit   'binary-extensions': [ '2.3.0' ],
16 silly audit   'brace-expansion': [ '1.1.12' ],
16 silly audit   braces: [ '3.0.3' ],
16 silly audit   browserslist: [ '4.28.0' ],
16 silly audit   callsites: [ '3.1.0' ],
16 silly audit   'camelcase-css': [ '2.0.1' ],
16 silly audit   'caniuse-lite': [ '1.0.30001759' ],
16 silly audit   chalk: [ '4.1.2' ],
16 silly audit   chokidar: [ '3.6.0' ],
16 silly audit   'glob-parent': [ '5.1.2', '6.0.2' ],
16 silly audit   'color-convert': [ '2.0.1' ],
16 silly audit   'color-name': [ '1.1.4' ],
16 silly audit   commander: [ '4.1.1' ],
16 silly audit   'concat-map': [ '0.0.1' ],
16 silly audit   'convert-source-map': [ '2.0.0' ],
16 silly audit   cookie: [ '1.1.1' ],
16 silly audit   'cross-spawn': [ '7.0.6' ],
16 silly audit   cssesc: [ '3.0.0' ],
16 silly audit   csstype: [ '3.2.3' ],
16 silly audit   debug: [ '4.4.3' ],
16 silly audit   'deep-is': [ '0.1.4' ],
16 silly audit   didyoumean: [ '1.2.2' ],
16 silly audit   dlv: [ '1.1.3' ],
16 silly audit   'electron-to-chromium': [ '1.5.263' ],
16 silly audit   esbuild: [ '0.25.12' ],
16 silly audit   escalade: [ '3.2.0' ],
16 silly audit   'escape-string-regexp': [ '4.0.0' ],
16 silly audit   eslint: [ '9.39.1' ],
16 silly audit   'eslint-plugin-react-hooks': [ '7.0.1' ],
16 silly audit   'eslint-plugin-react-refresh': [ '0.4.24' ],
16 silly audit   'eslint-scope': [ '8.4.0' ],
16 silly audit   espree: [ '10.4.0' ],
16 silly audit   esquery: [ '1.6.0' ],
16 silly audit   esrecurse: [ '4.3.0' ],
16 silly audit   estraverse: [ '5.3.0' ],
16 silly audit   esutils: [ '2.0.3' ],
16 silly audit   'fast-deep-equal': [ '3.1.3' ],
16 silly audit   'fast-glob': [ '3.3.3' ],
16 silly audit   'fast-json-stable-stringify': [ '2.1.0' ],
16 silly audit   'fast-levenshtein': [ '2.0.6' ],
16 silly audit   fastq: [ '1.19.1' ],
16 silly audit   fdir: [ '6.5.0' ],
16 silly audit   'file-entry-cache': [ '8.0.0' ],
16 silly audit   'fill-range': [ '7.1.1' ],
16 silly audit   'find-up': [ '5.0.0' ],
16 silly audit   'flat-cache': [ '4.0.1' ],
16 silly audit   flatted: [ '3.3.3' ],
16 silly audit   'fraction.js': [ '5.3.4' ],
16 silly audit   'framer-motion': [ '12.23.25' ],
16 silly audit   fsevents: [ '2.3.3' ],
16 silly audit   'function-bind': [ '1.1.2' ],
16 silly audit   gensync: [ '1.0.0-beta.2' ],
16 silly audit   'has-flag': [ '4.0.0' ],
16 silly audit   hasown: [ '2.0.2' ],
16 silly audit   'hermes-estree': [ '0.25.1' ],
16 silly audit   'hermes-parser': [ '0.25.1' ],
16 silly audit   ignore: [ '5.3.2' ],
16 silly audit   'import-fresh': [ '3.3.1' ],
16 silly audit   imurmurhash: [ '0.1.4' ],
16 silly audit   'is-binary-path': [ '2.1.0' ],
16 silly audit   'is-core-module': [ '2.16.1' ],
16 silly audit   'is-extglob': [ '2.1.1' ],
16 silly audit   'is-glob': [ '4.0.3' ],
16 silly audit   'is-number': [ '7.0.0' ],
16 silly audit   isexe: [ '2.0.0' ],
16 silly audit   jiti: [ '1.21.7' ],
16 silly audit   'js-tokens': [ '4.0.0' ],
16 silly audit   'js-yaml': [ '4.1.1' ],
16 silly audit   jsesc: [ '3.1.0' ],
16 silly audit   'json-buffer': [ '3.0.1' ],
16 silly audit   'json-schema-traverse': [ '0.4.1' ],
16 silly audit   'json-stable-stringify-without-jsonify': [ '1.0.1' ],
16 silly audit   json5: [ '2.2.3' ],
16 silly audit   keyv: [ '4.5.4' ],
16 silly audit   levn: [ '0.4.1' ],
16 silly audit   lilconfig: [ '3.1.3' ],
16 silly audit   'lines-and-columns': [ '1.2.4' ],
16 silly audit   'locate-path': [ '6.0.0' ],
16 silly audit   'lodash.merge': [ '4.6.2' ],
16 silly audit   'lru-cache': [ '5.1.1' ],
16 silly audit   'lucide-react': [ '0.555.0' ],
16 silly audit   merge2: [ '1.4.1' ],
16 silly audit   micromatch: [ '4.0.8' ],
16 silly audit   minimatch: [ '3.1.2' ],
16 silly audit   'motion-dom': [ '12.23.23' ],
16 silly audit   'motion-utils': [ '12.23.6' ],
16 silly audit   ms: [ '2.1.3' ],
16 silly audit   mz: [ '2.7.0' ],
16 silly audit   nanoid: [ '3.3.11' ],
16 silly audit   'natural-compare': [ '1.4.0' ],
16 silly audit   'node-releases': [ '2.0.27' ],
16 silly audit   'normalize-path': [ '3.0.0' ],
16 silly audit   'normalize-range': [ '0.1.2' ],
16 silly audit   'object-assign': [ '4.1.1' ],
16 silly audit   'object-hash': [ '3.0.0' ],
16 silly audit   optionator: [ '0.9.4' ],
16 silly audit   'p-limit': [ '3.1.0' ],
16 silly audit   'p-locate': [ '5.0.0' ],
16 silly audit   'parent-module': [ '1.0.1' ],
16 silly audit   'path-exists': [ '4.0.0' ],
16 silly audit   'path-key': [ '3.1.1' ],
16 silly audit   'path-parse': [ '1.0.7' ],
16 silly audit   picocolors: [ '1.1.1' ],
16 silly audit   pify: [ '2.3.0' ],
16 silly audit   pirates: [ '4.0.7' ],
16 silly audit   postcss: [ '8.5.6' ],
16 silly audit   'postcss-import': [ '15.1.0' ],
16 silly audit   'postcss-js': [ '4.1.0' ],
16 silly audit   'postcss-load-config': [ '6.0.1' ],
16 silly audit   'postcss-nested': [ '6.2.0' ],
16 silly audit   'postcss-selector-parser': [ '6.1.2' ],
16 silly audit   'postcss-value-parser': [ '4.2.0' ],
16 silly audit   'prelude-ls': [ '1.2.1' ],
16 silly audit   punycode: [ '2.3.1' ],
16 silly audit   'queue-microtask': [ '1.2.3' ],
16 silly audit   react: [ '19.2.0' ],
16 silly audit   'react-dom': [ '19.2.0' ],
16 silly audit   'react-refresh': [ '0.18.0' ],
16 silly audit   'react-router': [ '7.12.0' ],
16 silly audit   'react-router-dom': [ '7.12.0' ],
16 silly audit   'read-cache': [ '1.0.0' ],
16 silly audit   readdirp: [ '3.6.0' ],
16 silly audit   resolve: [ '1.22.11' ],
16 silly audit   'resolve-from': [ '4.0.0' ],
16 silly audit   reusify: [ '1.1.0' ],
16 silly audit   rollup: [ '4.53.3' ],
16 silly audit   'run-parallel': [ '1.2.0' ],
16 silly audit   scheduler: [ '0.27.0' ],
16 silly audit   semver: [ '6.3.1' ],
16 silly audit   'set-cookie-parser': [ '2.7.2' ],
16 silly audit   'shebang-command': [ '2.0.0' ],
16 silly audit   'shebang-regex': [ '3.0.0' ],
16 silly audit   'source-map-js': [ '1.2.1' ],
16 silly audit   'strip-json-comments': [ '3.1.1' ],
16 silly audit   sucrase: [ '3.35.1' ],
16 silly audit   'supports-color': [ '7.2.0' ],
16 silly audit   'supports-preserve-symlinks-flag': [ '1.0.0' ],
16 silly audit   tailwindcss: [ '3.4.18' ],
16 silly audit   thenify: [ '3.3.1' ],
16 silly audit   'thenify-all': [ '1.6.0' ],
16 silly audit   tinyglobby: [ '0.2.15' ],
16 silly audit   'to-regex-range': [ '5.0.1' ],
16 silly audit   'ts-interface-checker': [ '0.1.13' ],
16 silly audit   tslib: [ '2.8.1' ],
16 silly audit   'type-check': [ '0.4.0' ],
16 silly audit   'update-browserslist-db': [ '1.1.4' ],
16 silly audit   'uri-js': [ '4.4.1' ],
16 silly audit   'util-deprecate': [ '1.0.2' ],
16 silly audit   vite: [ '7.2.6' ],
16 silly audit   which: [ '2.0.2' ],
16 silly audit   'word-wrap': [ '1.2.5' ],
16 silly audit   yallist: [ '3.1.1' ],
16 silly audit   'yocto-queue': [ '0.1.0' ],
16 silly audit   zod: [ '4.1.13' ],
16 silly audit   'zod-validation-error': [ '4.0.2' ]
16 silly audit }
17 http fetch POST 200 https://registry.npmjs.org/-/npm/v1/security/advisories/bulk 400ms
18 silly audit report {
18 silly audit report   ajv: [
18 silly audit report     {
18 silly audit report       id: 1113714,
18 silly audit report       url: 'https://github.com/advisories/GHSA-2g4f-4pwh-qvx6',
18 silly audit report       title: 'ajv has ReDoS when using `$data` option',
18 silly audit report       severity: 'moderate',
18 silly audit report       vulnerable_versions: '<6.14.0',
18 silly audit report       cwe: [Array],
18 silly audit report       cvss: [Object]
18 silly audit report     }
18 silly audit report   ],
18 silly audit report   picomatch: [
18 silly audit report     {
18 silly audit report       id: 1115549,
18 silly audit report       url: 'https://github.com/advisories/GHSA-3v7f-55p6-f55p',
18 silly audit report       title: 'Picomatch: Method Injection in POSIX Character Classes causes incorrect Glob Matching',
18 silly audit report       severity: 'moderate',
18 silly audit report       vulnerable_versions: '<2.3.2',
18 silly audit report       cwe: [Array],
18 silly audit report       cvss: [Object]
18 silly audit report     },
18 silly audit report     {
18 silly audit report       id: 1115551,
18 silly audit report       url: 'https://github.com/advisories/GHSA-3v7f-55p6-f55p',
18 silly audit report       title: 'Picomatch: Method Injection in POSIX Character Classes causes incorrect Glob Matching',
18 silly audit report       severity: 'moderate',
18 silly audit report       vulnerable_versions: '>=4.0.0 <4.0.4',
18 silly audit report       cwe: [Array],
18 silly audit report       cvss: [Object]
18 silly audit report     },
18 silly audit report     {
18 silly audit report       id: 1115552,
18 silly audit report       url: 'https://github.com/advisories/GHSA-c2c7-rcm5-vvqj',
18 silly audit report       title: 'Picomatch has a ReDoS vulnerability via extglob quantifiers',
18 silly audit report       severity: 'high',
18 silly audit report       vulnerable_versions: '<2.3.2',
18 silly audit report       cwe: [Array],
18 silly audit report       cvss: [Object]
18 silly audit report     },
18 silly audit report     {
18 silly audit report       id: 1115554,
18 silly audit report       url: 'https://github.com/advisories/GHSA-c2c7-rcm5-vvqj',
18 silly audit report       title: 'Picomatch has a ReDoS vulnerability via extglob quantifiers',
18 silly audit report       severity: 'high',
18 silly audit report       vulnerable_versions: '>=4.0.0 <4.0.4',
18 silly audit report       cwe: [Array],
18 silly audit report       cvss: [Object]
18 silly audit report     }
18 silly audit report   ],
18 silly audit report   'brace-expansion': [
18 silly audit report     {
18 silly audit report       id: 1115540,
18 silly audit report       url: 'https://github.com/advisories/GHSA-f886-m6hf-6m8v',
18 silly audit report       title: 'brace-expansion: Zero-step sequence causes process hang and memory exhaustion',
18 silly audit report       severity: 'moderate',
18 silly audit report       vulnerable_versions: '<1.1.13',
18 silly audit report       cwe: [Array],
18 silly audit report       cvss: [Object]
18 silly audit report     }
18 silly audit report   ],
18 silly audit report   flatted: [
18 silly audit report     {
18 silly audit report       id: 1114526,
18 silly audit report       url: 'https://github.com/advisories/GHSA-25h7-pfq9-p65f',
18 silly audit report       title: 'flatted vulnerable to unbounded recursion DoS in parse() revive phase',
18 silly audit report       severity: 'high',
18 silly audit report       vulnerable_versions: '<3.4.0',
18 silly audit report       cwe: [Array],
18 silly audit report       cvss: [Object]
18 silly audit report     },
18 silly audit report     {
18 silly audit report       id: 1115357,
18 silly audit report       url: 'https://github.com/advisories/GHSA-rf6f-7fwh-wjgh',
18 silly audit report       title: 'Prototype Pollution via parse() in NodeJS flatted',
18 silly audit report       severity: 'high',
18 silly audit report       vulnerable_versions: '<=3.4.1',
18 silly audit report       cwe: [Array],
18 silly audit report       cvss: [Object]
18 silly audit report     }
18 silly audit report   ],
18 silly audit report   minimatch: [
18 silly audit report     {
18 silly audit report       id: 1113459,
18 silly audit report       url: 'https://github.com/advisories/GHSA-3ppc-4f35-3m26',
18 silly audit report       title: 'minimatch has a ReDoS via repeated wildcards with non-matching literal in pattern',
18 silly audit report       severity: 'high',
18 silly audit report       vulnerable_versions: '<3.1.3',
18 silly audit report       cwe: [Array],
18 silly audit report       cvss: [Object]
18 silly audit report     },
18 silly audit report     {
18 silly audit report       id: 1113538,
18 silly audit report       url: 'https://github.com/advisories/GHSA-7r86-cg39-jmmj',
18 silly audit report       title: 'minimatch has ReDoS: matchOne() combinatorial backtracking via multiple non-adjacent GLOBSTAR segments',
18 silly audit report       severity: 'high',
18 silly audit report       vulnerable_versions: '<3.1.3',
18 silly audit report       cwe: [Array],
18 silly audit report       cvss: [Object]
18 silly audit report     },
18 silly audit report     {
18 silly audit report       id: 1113546,
18 silly audit report       url: 'https://github.com/advisories/GHSA-23c5-xmqv-rm74',
18 silly audit report       title: 'minimatch ReDoS: nested *() extglobs generate catastrophically backtracking regular expressions',
18 silly audit report       severity: 'high',
18 silly audit report       vulnerable_versions: '<3.1.4',
18 silly audit report       cwe: [Array],
18 silly audit report       cvss: [Object]
18 silly audit report     }
18 silly audit report   ],
18 silly audit report   rollup: [
18 silly audit report     {
18 silly audit report       id: 1113515,
18 silly audit report       url: 'https://github.com/advisories/GHSA-mw96-cpmx-2vgc',
18 silly audit report       title: 'Rollup 4 has Arbitrary File Write via Path Traversal',
18 silly audit report       severity: 'high',
18 silly audit report       vulnerable_versions: '>=4.0.0 <4.59.0',
18 silly audit report       cwe: [Array],
18 silly audit report       cvss: [Object]
18 silly audit report     }
18 silly audit report   ]
18 silly audit report }
19 silly packumentCache corgi:https://registry.npmjs.org/ajv cache-miss
20 silly packumentCache corgi:https://registry.npmjs.org/picomatch cache-miss
21 silly packumentCache corgi:https://registry.npmjs.org/brace-expansion cache-miss
22 silly packumentCache corgi:https://registry.npmjs.org/flatted cache-miss
23 silly packumentCache corgi:https://registry.npmjs.org/minimatch cache-miss
24 silly packumentCache corgi:https://registry.npmjs.org/rollup cache-miss
25 http fetch GET 200 https://registry.npmjs.org/minimatch 83ms (cache revalidated)
26 silly packumentCache corgi:https://registry.npmjs.org/minimatch set size:167610 disposed:false
27 http fetch GET 200 https://registry.npmjs.org/ajv 91ms (cache revalidated)
28 silly packumentCache corgi:https://registry.npmjs.org/ajv set size:464537 disposed:false
29 http fetch GET 200 https://registry.npmjs.org/picomatch 104ms (cache miss)
30 silly packumentCache corgi:https://registry.npmjs.org/picomatch set size:undefined disposed:false
31 http fetch GET 200 https://registry.npmjs.org/flatted 111ms (cache revalidated)
32 silly packumentCache corgi:https://registry.npmjs.org/flatted set size:57858 disposed:false
33 http fetch GET 200 https://registry.npmjs.org/rollup 118ms (cache revalidated)
34 silly packumentCache corgi:https://registry.npmjs.org/rollup set size:2551767 disposed:false
35 http fetch GET 200 https://registry.npmjs.org/brace-expansion 304ms (cache miss)
36 silly packumentCache corgi:https://registry.npmjs.org/brace-expansion set size:undefined disposed:false
37 silly packumentCache corgi:https://registry.npmjs.org/@eslint%2feslintrc cache-miss
38 silly packumentCache corgi:https://registry.npmjs.org/eslint cache-miss
39 http fetch GET 200 https://registry.npmjs.org/eslint 30ms (cache revalidated)
40 silly packumentCache corgi:https://registry.npmjs.org/eslint set size:1145130 disposed:false
41 http fetch GET 200 https://registry.npmjs.org/@eslint%2feslintrc 981ms (cache revalidated)
42 silly packumentCache corgi:https://registry.npmjs.org/@eslint%2feslintrc set size:83205 disposed:false
43 silly packumentCache corgi:https://registry.npmjs.org/anymatch cache-miss
44 silly packumentCache corgi:https://registry.npmjs.org/micromatch cache-miss
45 silly packumentCache corgi:https://registry.npmjs.org/readdirp cache-miss
46 http fetch GET 200 https://registry.npmjs.org/anymatch 35ms (cache miss)
47 silly packumentCache corgi:https://registry.npmjs.org/anymatch set size:undefined disposed:false
48 http fetch GET 200 https://registry.npmjs.org/readdirp 36ms (cache miss)
49 silly packumentCache corgi:https://registry.npmjs.org/readdirp set size:undefined disposed:false
50 http fetch GET 200 https://registry.npmjs.org/micromatch 39ms (cache miss)
51 silly packumentCache corgi:https://registry.npmjs.org/micromatch set size:undefined disposed:false
52 silly packumentCache corgi:https://registry.npmjs.org/fdir cache-miss
53 silly packumentCache corgi:https://registry.npmjs.org/tinyglobby cache-miss
54 silly packumentCache corgi:https://registry.npmjs.org/vite cache-miss
55 http fetch GET 200 https://registry.npmjs.org/tinyglobby 24ms (cache miss)
56 silly packumentCache corgi:https://registry.npmjs.org/tinyglobby set size:undefined disposed:false
57 http fetch GET 200 https://registry.npmjs.org/fdir 38ms (cache miss)
58 silly packumentCache corgi:https://registry.npmjs.org/fdir set size:undefined disposed:false
59 http fetch GET 200 https://registry.npmjs.org/vite 130ms (cache updated)
60 silly packumentCache corgi:https://registry.npmjs.org/vite set size:undefined disposed:false
61 silly packumentCache corgi:https://registry.npmjs.org/flat-cache cache-miss
62 http fetch GET 200 https://registry.npmjs.org/flat-cache 24ms (cache updated)
63 silly packumentCache corgi:https://registry.npmjs.org/flat-cache set size:undefined disposed:false
64 silly packumentCache corgi:https://registry.npmjs.org/@eslint%2fconfig-array cache-miss
65 http fetch GET 200 https://registry.npmjs.org/@eslint%2fconfig-array 1236ms (cache revalidated)
66 silly packumentCache corgi:https://registry.npmjs.org/@eslint%2fconfig-array set size:17196 disposed:false
67 verbose cwd /home/container/client
68 verbose os Linux 6.8.0-101-generic
69 verbose node v20.20.1
70 verbose npm  v11.12.0
71 verbose exit 0
72 info ok
